{
    "Role": {
        "Path": "/",
        "RoleName": "lambda-exemplo2",
        "RoleId": "AROATWOJF7OZWRWWVZE6R",
        "Arn": "arn:aws:iam::254361861043:role/lambda-exemplo2",
        "CreateDate": "2021-08-10T14:53:32+00:00",
        "AssumeRolePolicyDocument": {
            "Version": "2012-10-17",
            "Statement": [
                {
                    "Effect": "Allow",
                    "Principal": {
                        "Service": "lambda.amazonaws.com"
                    },
                    "Action": "sts:AssumeRole"
                }
            ]
        }
    }
}
